Array
(
    [answers] => Array
        (
            [1] => 
            [2] => 
            [3] => 
            [4] => 
            [5] => 
            [6] => 
            [7] => 
            [8] => 
            [9] => 
            [10] => 
        )

)
Array
(
    [answers] => Array
        (
            [1] => 
            [2] => 
            [3] => 
            [4] => 
            [5] => 
            [6] => 
            [7] => 
            [8] => 
            [9] => 
            [10] => 
        )

)
Array
(
    [answers] => Array
        (
            [1] => 
            [2] => 
            [3] => 
            [4] => 
            [5] => 
            [6] => 
            [7] => 
            [8] => 
            [9] => 
            [10] => 
        )

)
Array
(
    [answers] => Array
        (
            [1] => 
            [2] => 
            [3] => 
            [4] => 
            [5] => 
            [6] => 
            [7] => 
            [8] => 
            [9] => 
            [10] => 
        )

)
Array
(
    [answers] => Array
        (
            [41] => 
            [42] => 
            [43] => 
            [44] => 
            [45] => 
            [46] => 
            [47] => 
            [48] => 
            [49] => 
            [50] => 
            [51] => 
            [52] => 
            [53] => 
            [54] => 
            [55] => 
            [56] => 
            [57] => 
            [58] => 
            [59] => 
            [60] => 
            [61] => 141
            [62] => 152
            [63] => 163
            [64] => 174
            [65] => 185
            [66] => 196
            [67] => 210
            [68] => 217
            [69] => 228
            [70] => 239
        )

)
Array
(
    [answers] => Array
        (
            [41] => 
            [42] => 
            [43] => 
            [44] => 
            [45] => 
            [46] => 
            [47] => 
            [48] => 
            [49] => 
            [50] => 
            [51] => 
            [52] => 
            [53] => 
            [54] => 
            [55] => 
            [56] => 
            [57] => 
            [58] => 
            [59] => 
            [60] => 
            [61] => 141
            [62] => 152
            [63] => 163
            [64] => 174
            [65] => 185
            [66] => 196
            [67] => 210
            [68] => 217
            [69] => 228
            [70] => 239
        )

)
